0 info it worked if it ends with ok
1 verbose cli [ '/Users/RathiND/.nvm/versions/node/v6.10.1/bin/node',
1 verbose cli   '/Users/RathiND/.nvm/versions/node/v6.10.1/bin/npm',
1 verbose cli   'run',
1 verbose cli   'rails-server' ]
2 info using npm@3.10.10
3 info using node@v6.10.1
4 verbose run-script [ 'prerails-server', 'rails-server', 'postrails-server' ]
5 info lifecycle react-webpack-rails-tutorial@0.0.1~prerails-server: react-webpack-rails-tutorial@0.0.1
6 silly lifecycle react-webpack-rails-tutorial@0.0.1~prerails-server: no script for prerails-server, continuing
7 info lifecycle react-webpack-rails-tutorial@0.0.1~rails-server: react-webpack-rails-tutorial@0.0.1
8 verbose lifecycle react-webpack-rails-tutorial@0.0.1~rails-server: unsafe-perm in lifecycle true
9 verbose lifecycle react-webpack-rails-tutorial@0.0.1~rails-server: PATH: /Users/RathiND/.nvm/versions/node/v6.10.1/lib/node_modules/npm/bin/node-gyp-bin:/Users/RathiND/Documents/project2/reggit/node_modules/.bin:/Users/RathiND/.rvm/gems/ruby-2.3.0/bin:/Users/RathiND/.rvm/gems/ruby-2.3.0@global/bin:/Users/RathiND/.rvm/rubies/ruby-2.3.0/bin:/Users/RathiND/.nvm/versions/node/v6.10.1/bin:/Applications/Postgres.app/Contents/Versions/latest/bin:/usr/local:/usr/local/bin:/usr/local/sbin:/usr/bin:/usr/local/bin:/usr/bin:/bin:/usr/sbin:/sbin:/Users/RathiND/.rvm/bin
10 verbose lifecycle react-webpack-rails-tutorial@0.0.1~rails-server: CWD: /Users/RathiND/Documents/project2/reggit
11 silly lifecycle react-webpack-rails-tutorial@0.0.1~rails-server: Args: [ '-c',
11 silly lifecycle   'echo \'visit http://localhost:3000/hello_world\' && foreman start -f Procfile.dev' ]
12 info lifecycle react-webpack-rails-tutorial@0.0.1~rails-server: Failed to exec rails-server script
13 verbose stack Error: react-webpack-rails-tutorial@0.0.1 rails-server: `echo 'visit http://localhost:3000/hello_world' && foreman start -f Procfile.dev`
13 verbose stack spawn ENOENT
13 verbose stack     at ChildProcess.<anonymous> (/Users/RathiND/.nvm/versions/node/v6.10.1/lib/node_modules/npm/lib/utils/spawn.js:33:16)
13 verbose stack     at emitTwo (events.js:106:13)
13 verbose stack     at ChildProcess.emit (events.js:191:7)
13 verbose stack     at maybeClose (internal/child_process.js:886:16)
13 verbose stack     at Process.ChildProcess._handle.onexit (internal/child_process.js:226:5)
14 verbose pkgid react-webpack-rails-tutorial@0.0.1
15 verbose cwd /Users/RathiND/Documents/project2/reggit
16 error Darwin 16.4.0
17 error argv "/Users/RathiND/.nvm/versions/node/v6.10.1/bin/node" "/Users/RathiND/.nvm/versions/node/v6.10.1/bin/npm" "run" "rails-server"
18 error node v6.10.1
19 error npm  v3.10.10
20 error file sh
21 error code ELIFECYCLE
22 error errno ENOENT
23 error syscall spawn
24 error react-webpack-rails-tutorial@0.0.1 rails-server: `echo 'visit http://localhost:3000/hello_world' && foreman start -f Procfile.dev`
24 error spawn ENOENT
25 error Failed at the react-webpack-rails-tutorial@0.0.1 rails-server script 'echo 'visit http://localhost:3000/hello_world' && foreman start -f Procfile.dev'.
25 error Make sure you have the latest version of node.js and npm installed.
25 error If you do, this is most likely a problem with the react-webpack-rails-tutorial package,
25 error not with npm itself.
25 error Tell the author that this fails on your system:
25 error     echo 'visit http://localhost:3000/hello_world' && foreman start -f Procfile.dev
25 error You can get information on how to open an issue for this project with:
25 error     npm bugs react-webpack-rails-tutorial
25 error Or if that isn't available, you can get their info via:
25 error     npm owner ls react-webpack-rails-tutorial
25 error There is likely additional logging output above.
26 verbose exit [ 1, true ]
